# JRE version: Java(TM) SE Runtime Environment (8.0_191-b12) (build 1.8.0_191-b12)
# Java VM: Java HotSpot(TM) Client VM (25.191-b12 mixed mode windows-x86 )
Heap:
 def new generation   total 157248K, used 157247K [0x06c00000, 0x116a0000, 0x116a0000)
  eden space 139776K, 100% used [0x06c00000, 0x0f480000, 0x0f480000)
  from space 17472K,  99% used [0x0f480000, 0x1058fff8, 0x10590000)
  to   space 17472K,   0% used [0x10590000, 0x10590000, 0x116a0000)
 tenured generation   total 349568K, used 349568K [0x116a0000, 0x26c00000, 0x26c00000)
   the space 349568K, 100% used [0x116a0000, 0x26c00000, 0x26c00000, 0x26c00000)
 Metaspace       used 21648K, capacity 22260K, committed 22528K, reserved 22912K
GC Heap History (10 events):
Event: 1874.533 GC heap before
{Heap before GC invocations=2366 (full 1553):
 def new generation   total 157248K, used 157248K [0x06c00000, 0x116a0000, 0x116a0000)
  eden space 139776K, 100% used [0x06c00000, 0x0f480000, 0x0f480000)
  from space 17472K, 100% used [0x0f480000, 0x10590000, 0x10590000)
  to   space 17472K,   0% used [0x10590000, 0x10590000, 0x116a0000)
 tenured generation   total 349568K, used 349568K [0x116a0000, 0x26c00000, 0x26c00000)
   the space 349568K, 100% used [0x116a0000, 0x26c00000, 0x26c00000, 0x26c00000)
 Metaspace       used 21648K, capacity 22260K, committed 22528K, reserved 22912K
Event: 1874.621 GC heap after
Heap after GC invocations=2367 (full 1554):
 def new generation   total 157248K, used 157247K [0x06c00000, 0x116a0000, 0x116a0000)
  eden space 139776K,  99% used [0x06c00000, 0x0f47ff68, 0x0f480000)
  from space 17472K, 100% used [0x0f480000, 0x10590000, 0x10590000)
  to   space 17472K,   0% used [0x10590000, 0x10590000, 0x116a0000)
 tenured generation   total 349568K, used 349568K [0x116a0000, 0x26c00000, 0x26c00000)
   the space 349568K, 100% used [0x116a0000, 0x26c00000, 0x26c00000, 0x26c00000)
 Metaspace       used 21648K, capacity 22260K, committed 22528K, reserved 22912K
}
Event: 1874.621 GC heap before
{Heap before GC invocations=2367 (full 1554):
 def new generation   total 157248K, used 157247K [0x06c00000, 0x116a0000, 0x116a0000)
  eden space 139776K,  99% used [0x06c00000, 0x0f47ff68, 0x0f480000)
  from space 17472K, 100% used [0x0f480000, 0x10590000, 0x10590000)
  to   space 17472K,   0% used [0x10590000, 0x10590000, 0x116a0000)
 tenured generation   total 349568K, used 349568K [0x116a0000, 0x26c00000, 0x26c00000)
   the space 349568K, 100% used [0x116a0000, 0x26c00000, 0x26c00000, 0x26c00000)
 Metaspace       used 21648K, capacity 22260K, committed 22528K, reserved 22912K
Event: 1874.739 GC heap after
Heap after GC invocations=2368 (full 1555):
 def new generation   total 157248K, used 157247K [0x06c00000, 0x116a0000, 0x116a0000)
  eden space 139776K,  99% used [0x06c00000, 0x0f47ff68, 0x0f480000)
  from space 17472K, 100% used [0x0f480000, 0x10590000, 0x10590000)
  to   space 17472K,   0% used [0x10590000, 0x10590000, 0x116a0000)
 tenured generation   total 349568K, used 349562K [0x116a0000, 0x26c00000, 0x26c00000)
   the space 349568K,  99% used [0x116a0000, 0x26bfea60, 0x26bfec00, 0x26c00000)
 Metaspace       used 21648K, capacity 22260K, committed 22528K, reserved 22912K
}
Event: 1874.739 GC heap before
{Heap before GC invocations=2368 (full 1555):
 def new generation   total 157248K, used 157248K [0x06c00000, 0x116a0000, 0x116a0000)
  eden space 139776K, 100% used [0x06c00000, 0x0f480000, 0x0f480000)
  from space 17472K, 100% used [0x0f480000, 0x10590000, 0x10590000)
  to   space 17472K,   0% used [0x10590000, 0x10590000, 0x116a0000)
 tenured generation   total 349568K, used 349567K [0x116a0000, 0x26c00000, 0x26c00000)
   the space 349568K,  99% used [0x116a0000, 0x26bffff0, 0x26c00000, 0x26c00000)
 Metaspace       used 21648K, capacity 22260K, committed 22528K, reserved 22912K
Event: 1874.827 GC heap after
Heap after GC invocations=2369 (full 1556):
 def new generation   total 157248K, used 157246K [0x06c00000, 0x116a0000, 0x116a0000)
  eden space 139776K,  99% used [0x06c00000, 0x0f47ff10, 0x0f480000)
  from space 17472K,  99% used [0x0f480000, 0x1058fab0, 0x10590000)
  to   space 17472K,   0% used [0x10590000, 0x10590000, 0x116a0000)
 tenured generation   total 349568K, used 349565K [0x116a0000, 0x26c00000, 0x26c00000)
   the space 349568K,  99% used [0x116a0000, 0x26bff568, 0x26bff600, 0x26c00000)
 Metaspace       used 21648K, capacity 22260K, committed 22528K, reserved 22912K
}
Event: 1874.828 GC heap before
{Heap before GC invocations=2369 (full 1556):
 def new generation   total 157248K, used 157246K [0x06c00000, 0x116a0000, 0x116a0000)
  eden space 139776K, 100% used [0x06c00000, 0x0f480000, 0x0f480000)
  from space 17472K,  99% used [0x0f480000, 0x1058fb88, 0x10590000)
  to   space 17472K,   0% used [0x10590000, 0x10590000, 0x116a0000)
 tenured generation   total 349568K, used 349565K [0x116a0000, 0x26c00000, 0x26c00000)
   the space 349568K,  99% used [0x116a0000, 0x26bff568, 0x26bff600, 0x26c00000)
 Metaspace       used 21648K, capacity 22260K, committed 22528K, reserved 22912K
Event: 1874.916 GC heap after
Heap after GC invocations=2370 (full 1557):
 def new generation   total 157248K, used 157246K [0x06c00000, 0x116a0000, 0x116a0000)
  eden space 139776K,  99% used [0x06c00000, 0x0f47ff58, 0x0f480000)
  from space 17472K,  99% used [0x0f480000, 0x1058fb50, 0x10590000)
  to   space 17472K,   0% used [0x10590000, 0x10590000, 0x116a0000)
 tenured generation   total 349568K, used 349565K [0x116a0000, 0x26c00000, 0x26c00000)
   the space 349568K,  99% used [0x116a0000, 0x26bff568, 0x26bff600, 0x26c00000)
 Metaspace       used 21648K, capacity 22260K, committed 22528K, reserved 22912K
}
Event: 1874.916 GC heap before
{Heap before GC invocations=2370 (full 1557):
 def new generation   total 157248K, used 157246K [0x06c00000, 0x116a0000, 0x116a0000)
  eden space 139776K,  99% used [0x06c00000, 0x0f47ff58, 0x0f480000)
  from space 17472K,  99% used [0x0f480000, 0x1058fb50, 0x10590000)
  to   space 17472K,   0% used [0x10590000, 0x10590000, 0x116a0000)
 tenured generation   total 349568K, used 349565K [0x116a0000, 0x26c00000, 0x26c00000)
   the space 349568K,  99% used [0x116a0000, 0x26bff568, 0x26bff600, 0x26c00000)
 Metaspace       used 21648K, capacity 22260K, committed 22528K, reserved 22912K
Event: 1875.005 GC heap after
Heap after GC invocations=2371 (full 1558):
 def new generation   total 157248K, used 157246K [0x06c00000, 0x116a0000, 0x116a0000)
  eden space 139776K,  99% used [0x06c00000, 0x0f47ff58, 0x0f480000)
  from space 17472K,  99% used [0x0f480000, 0x1058fb50, 0x10590000)
  to   space 17472K,   0% used [0x10590000, 0x10590000, 0x116a0000)
 tenured generation   total 349568K, used 349565K [0x116a0000, 0x26c00000, 0x26c00000)
   the space 349568K,  99% used [0x116a0000, 0x26bff528, 0x26bff600, 0x26c00000)
 Metaspace       used 21648K, capacity 22260K, committed 22528K, reserved 22912K
}

